<?xml version="1.0" encoding="utf-8"?><testsuites><testsuite name="pytest" errors="0" failures="0" skipped="0" tests="4" time="14.500" timestamp="2024-03-24T04:49:26.625878" hostname="MSI"><testcase classname="test_Homepage.TestHomepage" name="test_formSubmission[getData0]" time="2.598" /><testcase classname="test_Homepage.TestHomepage" name="test_formSubmission[getData1]" time="0.404" /><testcase classname="test_Homepage.TestHomepage" name="test_formSubmission[getData2]" time="0.500" /><testcase classname="test_e2e.TestOne" name="test_e2e" time="10.953" /></testsuite></testsuites>