<?xml version="1.0" encoding="utf-8"?><testsuites><testsuite name="pytest" errors="0" failures="0" skipped="0" tests="5" time="13.162" timestamp="2024-03-25T04:24:36.097221" hostname="MSI"><testcase classname="test_Homepage.TestHomepage" name="test_formSubmission[getData0]" time="3.232" /><testcase classname="test_Homepage.TestHomepage" name="test_formSubmission[getData1]" time="0.438" /><testcase classname="test_Homepage.TestHomepage" name="test_formSubmission[getData2]" time="0.369" /><testcase classname="test_Homepage.TestHomepage" name="test_formSubmission[getData3]" time="0.449" /><testcase classname="test_e2e.TestOne" name="test_e2e" time="8.408" /></testsuite></testsuites>